<?xml version="1.0" encoding="UTF-8"?>
<!-- Generated by org.testng.reporters.JUnitReportReporter -->
<testsuite hostname="MacBookPro.lan" failures="0" tests="1" name="test.LoginTest" time="5.474" errors="0" timestamp="2025-07-03T18:03:21 IST" skipped="0">
  <testcase classname="test.LoginTest" name="loginTest" time="5.474"/>
</testsuite> <!-- test.LoginTest -->
