<?xml version="1.0" encoding="UTF-8"?>
<!-- Generated by org.testng.reporters.JUnitReportReporter -->
<testsuite hostname="MacBookPro.lan" failures="0" tests="1" name="test.LoginTest" time="5.976" errors="0" timestamp="2025-07-04T13:14:45 IST" skipped="0">
  <testcase classname="test.LoginTest" name="loginTest" time="5.976"/>
</testsuite> <!-- test.LoginTest -->
